<?xml version="1.0" encoding="UTF-8"?>
<!-- Generated by org.testng.reporters.JUnitXMLReporter -->
<testsuite hostname="Air-Anastasia" name="Test1" tests="4" failures="2" timestamp="6 Jan 2018 15:17:50 GMT" time="0.065" errors="0">
  <testcase name="createTxtFile" time="0.005" classname="com.company.app.CreateFileTestFunction"/>
  <testcase name="createTxtFile" time="0.001" classname="com.company.app.CreateFileTestFunction"/>
  <testcase name="createFileInNotExistedDirectory" time="0.004" classname="com.company.app.CreateFileTestFunction">
    <failure type="java.lang.AssertionError" message="File was not created
Expected: is &amp;lt;true&amp;gt;
     but: was &amp;lt;false&amp;gt;">
      <![CDATA[java.lang.AssertionError: File was not created
Expected: is <true>
     but: was <false>
	at org.hamcrest.MatcherAssert.assertThat(MatcherAssert.java:20)
	at com.company.app.CreateFileTestFunction.createFileInNotExistedDirectory(CreateFileTestFunction.java:52)
	at org.apache.maven.surefire.testng.TestNGExecutor.run(TestNGExecutor.java:293)
	at org.apache.maven.surefire.testng.TestNGXmlTestSuite.execute(TestNGXmlTestSuite.java:84)
	at org.apache.maven.surefire.testng.TestNGProvider.invoke(TestNGProvider.java:91)
	at org.apache.maven.surefire.booter.ForkedBooter.invokeProviderInSameClassLoader(ForkedBooter.java:200)
	at org.apache.maven.surefire.booter.ForkedBooter.runSuitesInProcess(ForkedBooter.java:153)
	at org.apache.maven.surefire.booter.ForkedBooter.main(ForkedBooter.java:103)
... Removed 21 stack frames]]>
    </failure>
  </testcase> <!-- createFileInNotExistedDirectory -->
  <testcase name="createFileInNotExistedDirectory" time="0.0" classname="com.company.app.CreateFileTestFunction">
    <failure type="java.lang.AssertionError" message="File was not created
Expected: is &amp;lt;true&amp;gt;
     but: was &amp;lt;false&amp;gt;">
      <![CDATA[java.lang.AssertionError: File was not created
Expected: is <true>
     but: was <false>
	at org.hamcrest.MatcherAssert.assertThat(MatcherAssert.java:20)
	at com.company.app.CreateFileTestFunction.createFileInNotExistedDirectory(CreateFileTestFunction.java:52)
	at org.apache.maven.surefire.testng.TestNGExecutor.run(TestNGExecutor.java:293)
	at org.apache.maven.surefire.testng.TestNGXmlTestSuite.execute(TestNGXmlTestSuite.java:84)
	at org.apache.maven.surefire.testng.TestNGProvider.invoke(TestNGProvider.java:91)
	at org.apache.maven.surefire.booter.ForkedBooter.invokeProviderInSameClassLoader(ForkedBooter.java:200)
	at org.apache.maven.surefire.booter.ForkedBooter.runSuitesInProcess(ForkedBooter.java:153)
	at org.apache.maven.surefire.booter.ForkedBooter.main(ForkedBooter.java:103)
... Removed 21 stack frames]]>
    </failure>
  </testcase> <!-- createFileInNotExistedDirectory -->
</testsuite> <!-- Test1 -->
